<?xml version="1.0"?>
<!DOCTYPE coverage SYSTEM "http://cobertura.sourceforge.net/xml/coverage-04.dtd">
<coverage 
line-rate="0.45" lines-valid="5177" lines-covered="2345" branches-valid="224" branches-covered="120" branch-rate="0.54" complexity="0" version="1.0" timestamp="1620248213179">
    <sources>
        <source>--source</source>
        <source>/Users/a-sophie/IdeaProjects/vasgen/services/vasgen/searcher/src</source>
        <source>/Users/a-sophie/IdeaProjects/vasgen/services/facsimile/src/main/scala</source>
        <source>/Users/a-sophie/IdeaProjects/vasgen/lib/arcadia-proto/src/main/java</source>
        <source>/Users/a-sophie/IdeaProjects/vasgen/lib/arcadia-proto/src/main/arcadia</source>
        <source>
            /Users/a-sophie/IdeaProjects/vasgen/lib/arcadia-proto/src/main/arcadia-cloud/cloud/bitbucket/common-api
        </source>
        <source>
            /Users/a-sophie/IdeaProjects/vasgen/lib/arcadia-proto/src/main/arcadia-cloud/cloud/bitbucket/private-api
        </source>
        <source>/Users/a-sophie/IdeaProjects/vasgen/lib/arcadia-proto/src/main/arcadia</source>
        <source>
            /Users/a-sophie/IdeaProjects/vasgen/lib/arcadia-proto/src/main/arcadia-cloud/cloud/bitbucket/common-api
        </source>
        <source>
            /Users/a-sophie/IdeaProjects/vasgen/lib/arcadia-proto/src/main/arcadia-cloud/cloud/bitbucket/private-api
        </source>
        <source>/Users/a-sophie/IdeaProjects/vasgen/lib/arcadia-proto/target/scala-2.13/src_managed/main</source>
        <source>/Users/a-sophie/IdeaProjects/vasgen/lib/arcadia-proto/target/scala-2.13/src_managed/main/protobuf</source>
        <source>/Users/a-sophie/IdeaProjects/vasgen/lib/vasgen-sdk/model/src/main/scala</source>
        <source>/Users/a-sophie/IdeaProjects/vasgen/lib/vasgen-sdk/model/src/main/protobuf</source>
        <source>/Users/a-sophie/IdeaProjects/vasgen/lib/vasgen-sdk/model/src/main/protobuf</source>
        <source>/Users/a-sophie/IdeaProjects/vasgen/lib/vasgen-sdk/model/target/scala-2.13/src_managed/main</source>
        <source>/Users/a-sophie/IdeaProjects/vasgen/lib/vasgen-sdk/model/target/scala-2.13/src_managed/main/protobuf</source>
        <source>/Users/a-sophie/IdeaProjects/vasgen/lib/misc/src/main/scala</source>
        <source>/Users/a-sophie/IdeaProjects/vasgen/lib/schema-registry/proto/saas</source>
        <source>/Users/a-sophie/IdeaProjects/vasgen/lib/schema-registry/proto/general/common</source>
        <source>/Users/a-sophie/IdeaProjects/vasgen/lib/schema-registry/proto/general/search</source>
        <source>/Users/a-sophie/IdeaProjects/vasgen/lib/schema-registry/proto/vertis/vasgen</source>
        <source>/Users/a-sophie/IdeaProjects/vasgen/lib/schema-registry/proto/vertis/sraas</source>
        <source>/Users/a-sophie/IdeaProjects/vasgen/lib/schema-registry/proto/vertis/protobuf</source>
        <source>/Users/a-sophie/IdeaProjects/vasgen/lib/schema-registry/proto</source>
        <source>/Users/a-sophie/IdeaProjects/vasgen/lib/schema-registry/target/scala-2.13/src_managed/main</source>
        <source>/Users/a-sophie/IdeaProjects/vasgen/lib/schema-registry/target/scala-2.13/src_managed/main/protobuf</source>
        <source>/Users/a-sophie/IdeaProjects/vasgen/services/vasgen/consumer/src</source>
        <source>/Users/a-sophie/IdeaProjects/vasgen/lib/alien/examples/src/main/scala</source>
        <source>/Users/a-sophie/IdeaProjects/vasgen/lib/saas-push-client/src/main/scala</source>
        <source>/Users/a-sophie/IdeaProjects/vasgen/services/vasgen/saasIndexer/src</source>
        <source>/Users/a-sophie/IdeaProjects/vasgen/lib/logbroker-client/src/main/scala</source>
        <source>/Users/a-sophie/IdeaProjects/vasgen/lib/alien/core/src/main/scala</source>
        <source>/Users/a-sophie/IdeaProjects/vasgen/lib/vasgen-sdk/search/src/main/scala</source>
        <source>/Users/a-sophie/IdeaProjects/vasgen/lib/alien/bio-memory/src/main/scala</source>
        <source>/Users/a-sophie/IdeaProjects/vasgen/lib/bootstrap-ydb/src/main/scala</source>
        <source>/Users/a-sophie/IdeaProjects/vasgen/lib/vasgen-sdk/indexing/src/main/scala</source>
        <source>/Users/a-sophie/IdeaProjects/vasgen/services/vasgen/receiver/src</source>
        <source>/Users/a-sophie/IdeaProjects/vasgen/lib/bootstrap-kafka/src/main/scala</source>
        <source>/Users/a-sophie/IdeaProjects/vasgen/lib/bootstrap-logging/src/main/scala</source>
        <source>/Users/a-sophie/IdeaProjects/vasgen/services/vasgen/core/src</source>
        <source>/Users/a-sophie/IdeaProjects/vasgen/services/vasgen/core/protobuf</source>
        <source>/Users/a-sophie/IdeaProjects/vasgen/services/vasgen/core/protobuf</source>
        <source>/Users/a-sophie/IdeaProjects/vasgen/services/vasgen/core/target/scala-2.13/src_managed/main</source>
        <source>/Users/a-sophie/IdeaProjects/vasgen/services/vasgen/core/target/scala-2.13/src_managed/main/protobuf</source>
        <source>/Users/a-sophie/IdeaProjects/vasgen/lib/bootstrap/src</source>
        <source>/Users/a-sophie/IdeaProjects/vasgen/lib/alien/memory/src/main/scala</source>
        <source>/Users/a-sophie/IdeaProjects/vasgen/lib/alien/bio-core/src/main/scala</source>
        <source>/Users/a-sophie/IdeaProjects/vasgen/lib/dm-client/src/main/scala</source>
        <source>/Users/a-sophie/IdeaProjects/vasgen/lib/vasgen-sdk/core/src/main/scala</source>
    </sources>
    <packages>
        <package name="grpc.health.v1.healthcheck" line-rate="0.00" branch-rate="0.00" complexity="0">
            <classes>
                <class 
                name="grpc.health.v1.healthcheck.HealthCheckRequest.HealthCheckRequestLens" filename="protobuf/grpc/health/v1/healthcheck/HealthCheckRequest.scala" line-rate="0.00" branch-rate="0.00" complexity="0">
                    <methods>
                        <method 
                        name="grpc.health.v1.healthcheck/HealthCheckRequestLens/service" signature="()V" line-rate="0.00" branch-rate="0.00" complexity="0">
                            <lines>
                                <line number="107" hits="0" branch="false"/>
                                <line number="107" hits="0" branch="false"/>
                                <line number="107" hits="0" branch="false"/>
                                <line number="107" hits="0" branch="false"/>
                            </lines>
</method>
                    </methods>
                    <lines>
                        <line number="107" hits="0" branch="false"/>
                        <line number="107" hits="0" branch="false"/>
                        <line number="107" hits="0" branch="false"/>
                        <line number="107" hits="0" branch="false"/>
                    </lines>
</class>
                <class 
                name="grpc.health.v1.healthcheck.ZioHealthcheck.ZHealth" filename="protobuf/grpc/health/v1/healthcheck/ZioHealthcheck.scala" line-rate="0.00" branch-rate="0.00" complexity="0">
                    <methods>
                        <method 
                        name="grpc.health.v1.healthcheck/ZHealth/bind" signature="()V" line-rate="0.00" branch-rate="0.00" complexity="0">
                            <lines>
                                <line number="23" hits="0" branch="false"/>
                                <line number="36" hits="0" branch="false"/>
                                <line number="25" hits="0" branch="false"/>
                            </lines>
</method>
                        <method 
                        name="grpc.health.v1.healthcheck/ZHealth/watch" signature="()V" line-rate="0.00" branch-rate="0.00" complexity="0">
                            <lines>
                                <line number="19" hits="0" branch="false"/>
                                <line number="19" hits="0" branch="false"/>
                                <line number="16" hits="0" branch="false"/>
                                <line number="17" hits="0" branch="false"/>
                            </lines>
</method>
                        <method 
                        name="grpc.health.v1.healthcheck/ZHealth/check" signature="()V" line-rate="0.00" branch-rate="0.00" complexity="0">
                            <lines>
                                <line number="18" hits="0" branch="false"/>
                                <line number="18" hits="0" branch="false"/>
                            </lines>
</method>
                        <method 
                        name="grpc.health.v1.healthcheck/ZHealth/ops" signature="()V" line-rate="0.00" branch-rate="0.00" complexity="0">
                            <lines>
                                <line number="22" hits="0" branch="false"/>
                            </lines>
</method>
                    </methods>
                    <lines>
                        <line number="23" hits="0" branch="false"/>
                        <line number="19" hits="0" branch="false"/>
                        <line number="36" hits="0" branch="false"/>
                        <line number="19" hits="0" branch="false"/>
                        <line number="18" hits="0" branch="false"/>
                        <line number="16" hits="0" branch="false"/>
                        <line number="18" hits="0" branch="false"/>
                        <line number="25" hits="0" branch="false"/>
                        <line number="22" hits="0" branch="false"/>
                        <line number="17" hits="0" branch="false"/>
                    </lines>
</class>
                <class 
                name="grpc.health.v1.healthcheck.HealthCheckResponse" filename="protobuf/grpc/health/v1/healthcheck/HealthCheckResponse.scala" line-rate="0.00" branch-rate="0.00" complexity="0">
                    <methods>
                        <method 
                        name="grpc.health.v1.healthcheck/HealthCheckResponse/companion" signature="()V" line-rate="0.00" branch-rate="0.00" complexity="0">
                            <lines>
                                <line number="62" hits="0" branch="false"/>
                            </lines>
</method>
                        <method 
                        name="grpc.health.v1.healthcheck/HealthCheckResponse/__computeSerializedValue" signature="()V" line-rate="0.00" branch-rate="0.00" complexity="0">
                            <lines>
                                <line number="24" hits="0" branch="false"/>
                                <line number="20" hits="0" branch="false"/>
                                <line number="16" hits="0" branch="false"/>
                                <line number="20" hits="0" branch="false"/>
                                <line number="21" hits="0" branch="false"/>
                                <line number="21" hits="0" branch="false"/>
                                <line number="20" hits="0" branch="false"/>
                                <line number="21" hits="0" branch="false"/>
                                <line number="19" hits="0" branch="false"/>
                                <line number="24" hits="0" branch="false"/>
                            </lines>
</method>
                        <method 
                        name="grpc.health.v1.healthcheck/HealthCheckResponse/discardUnknownFields" signature="()V" line-rate="0.00" branch-rate="0.00" complexity="0">
                            <lines>
                                <line number="46" hits="0" branch="false"/>
                                <line number="46" hits="0" branch="false"/>
                                <line number="46" hits="0" branch="false"/>
                            </lines>
</method>
                        <method 
                        name="grpc.health.v1.healthcheck/HealthCheckResponse/messageReads" signature="()V" line-rate="0.00" branch-rate="0.00" complexity="0">
                            <lines>
                                <line number="94" hits="0" branch="false"/>
                                <line number="94" hits="0" branch="false"/>
                                <line number="94" hits="0" branch="false"/>
                                <line number="93" hits="0" branch="false"/>
                                <line number="92" hits="0" branch="false"/>
                                <line number="92" hits="0" branch="false"/>
                                <line number="93" hits="0" branch="false"/>
                                <line number="92" hits="0" branch="false"/>
                                <line number="90" hits="0" branch="false"/>
                                <line number="92" hits="0" branch="false"/>
                                <line number="94" hits="0" branch="false"/>
                                <line number="94" hits="0" branch="false"/>
                                <line number="92" hits="0" branch="false"/>
                                <line number="94" hits="0" branch="false"/>
                                <line number="96" hits="0" branch="false"/>
                                <line number="94" hits="0" branch="false"/>
                            </lines>
</method>
                        <method 
                        name="grpc.health.v1.healthcheck/HealthCheckResponse/getField" signature="()V" line-rate="0.00" branch-rate="0.00" complexity="0">
                            <lines>
                                <line number="58" hits="0" branch="false"/>
                                <line number="57" hits="0" branch="false"/>
                                <line number="58" hits="0" branch="false"/>
                                <line number="56" hits="0" branch="false"/>
                                <line number="56" hits="0" branch="false"/>
                                <line number="56" hits="0" branch="false"/>
                            </lines>
</method>
                        <method 
                        name="grpc.health.v1.healthcheck/HealthCheckResponse/toProtoString" signature="()V" line-rate="0.00" branch-rate="0.00" complexity="0">
                            <lines>
                                <line number="61" hits="0" branch="false"/>
                            </lines>
</method>
                        <method 
                        name="grpc.health.v1.healthcheck/HealthCheckResponse/withStatus" signature="()V" line-rate="0.00" branch-rate="0.00" complexity="0">
                            <lines>
                                <line number="44" hits="0" branch="false"/>
                                <line number="44" hits="0" branch="false"/>
                            </lines>
</method>
                        <method 
                        name="grpc.health.v1.healthcheck/HealthCheckResponse/scalaDescriptor" signature="()V" line-rate="0.00" branch-rate="0.00" complexity="0">
                            <lines>
                                <line number="99" hits="0" branch="false"/>
                            </lines>
</method>
                        <method 
                        name="grpc.health.v1.healthcheck/HealthCheckResponse/&lt;none&gt;" signature="()V" line-rate="0.00" branch-rate="0.00" complexity="0">
                            <lines>
                                <line number="170" hits="0" branch="false"/>
                                <line number="14" hits="0" branch="false"/>
                            </lines>
</method>
                        <method 
                        name="grpc.health.v1.healthcheck/HealthCheckResponse/javaDescriptor" signature="()V" line-rate="0.00" branch-rate="0.00" complexity="0">
                            <lines>
                                <line number="98" hits="0" branch="false"/>
                            </lines>
</method>
                        <method 
                        name="grpc.health.v1.healthcheck/HealthCheckResponse/enumCompanionForFieldNumber" signature="()V" line-rate="0.00" branch-rate="0.00" complexity="0">
                            <lines>
                                <line number="104" hits="0" branch="false"/>
                            </lines>
</method>
                        <method 
                        name="grpc.health.v1.healthcheck/HealthCheckResponse/of" signature="()V" line-rate="0.00" branch-rate="0.00" complexity="0">
                            <lines>
                                <line number="173" hits="0" branch="false"/>
                                <line number="173" hits="0" branch="false"/>
                            </lines>
</method>
                        <method 
                        name="grpc.health.v1.healthcheck/HealthCheckResponse/writeTo" signature="()V" line-rate="0.00" branch-rate="0.00" complexity="0">
                            <lines>
                                <line number="38" hits="0" branch="false"/>
                                <line number="39" hits="0" branch="false"/>
                                <line number="37" hits="0" branch="false"/>
                                <line number="38" hits="0" branch="false"/>
                                <line number="42" hits="0" branch="false"/>
                                <line number="39" hits="0" branch="false"/>
                                <line number="38" hits="0" branch="false"/>
                            </lines>
</method>
                        <method 
                        name="grpc.health.v1.healthcheck/HealthCheckResponse/getFieldByNumber" signature="()V" line-rate="0.00" branch-rate="0.00" complexity="0">
                            <lines>
                                <line number="50" hits="0" branch="false"/>
                                <line number="51" hits="0" branch="false"/>
                                <line number="51" hits="0" branch="false"/>
                                <line number="51" hits="0" branch="false"/>
                                <line number="51" hits="0" branch="false"/>
                            </lines>
</method>
                        <method 
                        name="grpc.health.v1.healthcheck/HealthCheckResponse/serializedSize" signature="()V" line-rate="0.00" branch-rate="0.00" complexity="0">
                            <lines>
                                <line number="29" hits="0" branch="false"/>
                                <line number="29" hits="0" branch="false"/>
                                <line number="29" hits="0" branch="false"/>
                                <line number="30" hits="0" branch="false"/>
                                <line number="28" hits="0" branch="false"/>
                                <line number="29" hits="0" branch="false"/>
                            </lines>
</method>
                        <method 
                        name="grpc.health.v1.healthcheck/HealthCheckResponse/parseFrom" signature="()V" line-rate="0.00" branch-rate="0.00" complexity="0">
                            <lines>
                                <line number="87" hits="0" branch="false"/>
                                <line number="75" hits="0" branch="false"/>
                                <line number="87" hits="0" branch="false"/>
                                <line number="82" hits="0" branch="false"/>
                                <line number="72" hits="0" branch="false"/>
                                <line number="77" hits="0" branch="false"/>
                                <line number="77" hits="0" branch="false"/>
                                <line number="72" hits="0" branch="false"/>
                                <line number="85" hits="0" branch="false"/>
                                <line number="80" hits="0" branch="false"/>
                                <line number="70" hits="0" branch="false"/>
                                <line number="72" hits="0" branch="false"/>
                                <line number="87" hits="0" branch="false"/>
                                <line number="87" hits="0" branch="false"/>
                                <line number="71" hits="0" branch="false"/>
                                <line number="73" hits="0" branch="false"/>
                                <line number="87" hits="0" branch="false"/>
                                <line number="80" hits="0" branch="false"/>
                                <line number="72" hits="0" branch="false"/>
                                <line number="69" hits="0" branch="false"/>
                                <line number="79" hits="0" branch="false"/>
                                <line number="79" hits="0" branch="false"/>
                                <line number="72" hits="0" branch="false"/>
                                <line number="79" hits="0" branch="false"/>
                            </lines>
</method>
                        <method 
                        name="grpc.health.v1.healthcheck/HealthCheckResponse/messageCompanionForFieldNumber" signature="()V" line-rate="0.00" branch-rate="0.00" complexity="0">
                            <lines>
                                <line number="100" hits="0" branch="false"/>
                            </lines>
</method>
                        <method 
                        name="grpc.health.v1.healthcheck/HealthCheckResponse/withUnknownFields" signature="()V" line-rate="0.00" branch-rate="0.00" complexity="0">
                            <lines>
                                <line number="45" hits="0" branch="false"/>
                                <line number="45" hits="0" branch="false"/>
                            </lines>
</method>
                    </methods>
                    <lines>
                        <line number="94" hits="0" branch="false"/>
                        <line number="29" hits="0" branch="false"/>
                        <line number="94" hits="0" branch="false"/>
                        <line number="104" hits="0" branch="false"/>
                        <line number="87" hits="0" branch="false"/>
                        <line number="94" hits="0" branch="false"/>
                        <line number="58" hits="0" branch="false"/>
                        <line number="75" hits="0" branch="false"/>
                        <line number="87" hits="0" branch="false"/>
                        <line number="24" hits="0" branch="false"/>
                        <line number="38" hits="0" branch="false"/>
                        <line number="82" hits="0" branch="false"/>
                        <line number="29" hits="0" branch="false"/>
                        <line number="50" hits="0" branch="false"/>
                        <line number="39" hits="0" branch="false"/>
                        <line number="93" hits="0" branch="false"/>
                        <line number="37" hits="0" branch="false"/>
                        <line number="38" hits="0" branch="false"/>
                        <line number="72" hits="0" branch="false"/>
                        <line number="92" hits="0" branch="false"/>
                        <line number="62" hits="0" branch="false"/>
                        <line number="42" hits="0" branch="false"/>
                        <line number="92" hits="0" branch="false"/>
                        <line number="93" hits="0" branch="false"/>
                        <line number="77" hits="0" branch="false"/>
                        <line number="92" hits="0" branch="false"/>
                        <line number="57" hits="0" branch="false"/>
                        <line number="77" hits="0" branch="false"/>
                        <line number="90" hits="0" branch="false"/>
                        <line number="173" hits="0" branch="false"/>
                        <line number="72" hits="0" branch="false"/>
                        <line number="20" hits="0" branch="false"/>
                        <line number="99" hits="0" branch="false"/>
                        <line number="51" hits="0" branch="false"/>
                        <line number="51" hits="0" branch="false"/>
                        <line number="58" hits="0" branch="false"/>
                        <line number="170" hits="0" branch="false"/>
                        <line number="85" hits="0" branch="false"/>
                        <line number="16" hits="0" branch="false"/>
                        <line number="56" hits="0" branch="false"/>
                        <line number="20" hits="0" branch="false"/>
                        <line number="56" hits="0" branch="false"/>
                        <line number="80" hits="0" branch="false"/>
                        <line number="70" hits="0" branch="false"/>
                        <line number="72" hits="0" branch="false"/>
                        <line number="92" hits="0" branch="false"/>
                        <line number="87" hits="0" branch="false"/>
                        <line number="87" hits="0" branch="false"/>
                        <line number="29" hits="0" branch="false"/>
                        <line number="100" hits="0" branch="false"/>
                        <line number="45" hits="0" branch="false"/>
                        <line number="21" hits="0" branch="false"/>
                        <line number="71" hits="0" branch="false"/>
                        <line number="173" hits="0" branch="false"/>
                        <line number="73" hits="0" branch="false"/>
                        <line number="98" hits="0" branch="false"/>
                        <line number="30" hits="0" branch="false"/>
                        <line number="94" hits="0" branch="false"/>
                        <line number="21" hits="0" branch="false"/>
                        <line number="28" hits="0" branch="false"/>
                        <line number="56" hits="0" branch="false"/>
                        <line number="46" hits="0" branch="false"/>
                        <line number="94" hits="0" branch="false"/>
                        <line number="46" hits="0" branch="false"/>
                        <line number="92" hits="0" branch="false"/>
                        <line number="39" hits="0" branch="false"/>
                        <line number="87" hits="0" branch="false"/>
                        <line number="80" hits="0" branch="false"/>
                        <line number="20" hits="0" branch="false"/>
                        <line number="21" hits="0" branch="false"/>
                        <line number="72" hits="0" branch="false"/>
                        <line number="94" hits="0" branch="false"/>
                        <line number="19" hits="0" branch="false"/>
                        <line number="38" hits="0" branch="false"/>
                        <line number="44" hits="0" branch="false"/>
                        <line number="69" hits="0" branch="false"/>
                        <line number="79" hits="0" branch="false"/>
                        <line number="79" hits="0" branch="false"/>
                        <line number="51" hits="0" branch="false"/>
                        <line number="45" hits="0" branch="false"/>
                        <line number="14" hits="0" branch="false"/>
                        <line number="44" hits="0" branch="false"/>
                        <line number="24" hits="0" branch="false"/>
                        <line number="96" hits="0" branch="false"/>
                        <line number="46" hits="0" branch="false"/>
                        <line number="51" hits="0" branch="false"/>
                        <line number="72" hits="0" branch="false"/>
                        <line number="61" hits="0" branch="false"/>
                        <line number="29" hits="0" branch="false"/>
                        <line number="94" hits="0" branch="false"/>
                        <line number="79" hits="0" branch="false"/>
                    </lines>
</class>
                <class 
                name="grpc.health.v1.healthcheck.HealthGrpc.Health" filename="protobuf/grpc/health/v1/healthcheck/HealthGrpc.scala" line-rate="0.00" branch-rate="0.00" complexity="0">
                    <methods>
                        <method 
                        name="grpc.health.v1.healthcheck/Health/scalaDescriptor" signature="()V" line-rate="0.00" branch-rate="0.00" complexity="0">
                            <lines>
                                <line number="40" hits="0" branch="false"/>
                            </lines>
</method>
                        <method 
                        name="grpc.health.v1.healthcheck/Health/serviceCompanion" signature="()V" line-rate="0.00" branch-rate="0.00" complexity="0">
                            <lines>
                                <line number="32" hits="0" branch="false"/>
                            </lines>
</method>
                        <method 
                        name="grpc.health.v1.healthcheck/Health/bindService" signature="()V" line-rate="0.00" branch-rate="0.00" complexity="0">
                            <lines>
                                <line number="56" hits="0" branch="false"/>
                            </lines>
</method>
                        <method 
                        name="grpc.health.v1.healthcheck/Health/javaDescriptor" signature="()V" line-rate="0.00" branch-rate="0.00" complexity="0">
                            <lines>
                                <line number="39" hits="0" branch="false"/>
                            </lines>
</method>
                    </methods>
                    <lines>
                        <line number="40" hits="0" branch="false"/>
                        <line number="32" hits="0" branch="false"/>
                        <line number="56" hits="0" branch="false"/>
                        <line number="39" hits="0" branch="false"/>
                    </lines>
</class>
                <class 
                name="grpc.health.v1.healthcheck.HealthCheckResponse.ServingStatus.SERVICE_UNKNOWN" filename="protobuf/grpc/health/v1/healthcheck/HealthCheckResponse.scala" line-rate="0.00" branch-rate="0.00" complexity="0">
                    <methods>
                        <method 
                        name="grpc.health.v1.healthcheck/SERVICE_UNKNOWN/isServiceUnknown" signature="()V" line-rate="0.00" branch-rate="0.00" complexity="0">
                            <lines>
                                <line number="150" hits="0" branch="false"/>
                            </lines>
</method>
                        <method 
                        name="grpc.health.v1.healthcheck/SERVICE_UNKNOWN/&lt;none&gt;" signature="()V" line-rate="0.00" branch-rate="0.00" complexity="0">
                            <lines>
                                <line number="149" hits="0" branch="false"/>
                                <line number="148" hits="0" branch="false"/>
                            </lines>
</method>
                    </methods>
                    <lines>
                        <line number="150" hits="0" branch="false"/>
                        <line number="149" hits="0" branch="false"/>
                        <line number="148" hits="0" branch="false"/>
                    </lines>
</class>
                <class 
                name="grpc.health.v1.healthcheck.ZioHealthcheck.HealthAccessors" filename="protobuf/grpc/health/v1/healthcheck/ZioHealthcheck.scala" line-rate="0.00" branch-rate="0.00" complexity="0">
                    <methods>
                        <method 
                        name="grpc.health.v1.healthcheck/HealthAccessors/mapCallOptionsM" signature="()V" line-rate="0.00" branch-rate="0.00" complexity="0">
                            <lines>
                                <line number="48" hits="0" branch="false"/>
                                <line number="48" hits="0" branch="false"/>
                                <line number="48" hits="0" branch="false"/>
                            </lines>
</method>
                        <method 
                        name="grpc.health.v1.healthcheck/HealthAccessors/&lt;init&gt;" signature="()V" line-rate="0.00" branch-rate="0.00" complexity="0">
                            <lines>
                                <line number="45" hits="0" branch="false"/>
                                <line number="45" hits="0" branch="false"/>
                            </lines>
</method>
                        <method 
                        name="grpc.health.v1.healthcheck/HealthAccessors/check" signature="()V" line-rate="0.00" branch-rate="0.00" complexity="0">
                            <lines>
                                <line number="46" hits="0" branch="false"/>
                                <line number="46" hits="0" branch="false"/>
                            </lines>
</method>
                        <method 
                        name="grpc.health.v1.healthcheck/HealthAccessors/watch" signature="()V" line-rate="0.00" branch-rate="0.00" complexity="0">
                            <lines>
                                <line number="47" hits="0" branch="false"/>
                                <line number="47" hits="0" branch="false"/>
                            </lines>
</method>
                    </methods>
                    <lines>
                        <line number="48" hits="0" branch="false"/>
                        <line number="45" hits="0" branch="false"/>
                        <line number="46" hits="0" branch="false"/>
                        <line number="46" hits="0" branch="false"/>
                        <line number="47" hits="0" branch="false"/>
                        <line number="48" hits="0" branch="false"/>
                        <line number="47" hits="0" branch="false"/>
                        <line number="45" hits="0" branch="false"/>
                        <line number="48" hits="0" branch="false"/>
                    </lines>
</class>
                <class 
                name="grpc.health.v1.healthcheck.HealthCheckResponse.ServingStatus" filename="protobuf/grpc/health/v1/healthcheck/HealthCheckResponse.scala" line-rate="0.00" branch-rate="0.00" complexity="0">
                    <methods>
                        <method 
                        name="grpc.health.v1.healthcheck/ServingStatus/isServing" signature="()V" line-rate="0.00" branch-rate="0.00" complexity="0">
                            <lines>
                                <line number="113" hits="0" branch="false"/>
                            </lines>
</method>
                        <method 
                        name="grpc.health.v1.healthcheck/ServingStatus/scalaDescriptor" signature="()V" line-rate="0.00" branch-rate="0.00" complexity="0">
                            <lines>
                                <line number="165" hits="0" branch="false"/>
                            </lines>
</method>
                        <method 
                        name="grpc.health.v1.healthcheck/ServingStatus/companion" signature="()V" line-rate="0.00" branch-rate="0.00" complexity="0">
                            <lines>
                                <line number="116" hits="0" branch="false"/>
                            </lines>
</method>
                        <method 
                        name="grpc.health.v1.healthcheck/ServingStatus/isNotServing" signature="()V" line-rate="0.00" branch-rate="0.00" complexity="0">
                            <lines>
                                <line number="114" hits="0" branch="false"/>
                            </lines>
</method>
                        <method 
                        name="grpc.health.v1.healthcheck/ServingStatus/asRecognized" signature="()V" line-rate="0.00" branch-rate="0.00" complexity="0">
                            <lines>
                                <line number="117" hits="0" branch="false"/>
                                <line number="117" hits="0" branch="false"/>
                                <line number="117" hits="0" branch="false"/>
                                <line number="117" hits="0" branch="false"/>
                                <line number="117" hits="0" branch="false"/>
                                <line number="117" hits="0" branch="false"/>
                            </lines>
</method>
                        <method 
                        name="grpc.health.v1.healthcheck/ServingStatus/fromValue" signature="()V" line-rate="0.00" branch-rate="0.00" complexity="0">
                            <lines>
                                <line number="161" hits="0" branch="false"/>
                                <line number="159" hits="0" branch="false"/>
                                <line number="162" hits="0" branch="false"/>
                                <line number="158" hits="0" branch="false"/>
                                <line number="160" hits="0" branch="false"/>
                            </lines>
</method>
                        <method 
                        name="grpc.health.v1.healthcheck/ServingStatus/isUnknown" signature="()V" line-rate="0.00" branch-rate="0.00" complexity="0">
                            <lines>
                                <line number="112" hits="0" branch="false"/>
                            </lines>
</method>
                        <method 
                        name="grpc.health.v1.healthcheck/ServingStatus/isServiceUnknown" signature="()V" line-rate="0.00" branch-rate="0.00" complexity="0">
                            <lines>
                                <line number="115" hits="0" branch="false"/>
                            </lines>
</method>
                        <method 
                        name="grpc.health.v1.healthcheck/ServingStatus/javaDescriptor" signature="()V" line-rate="0.00" branch-rate="0.00" complexity="0">
                            <lines>
                                <line number="164" hits="0" branch="false"/>
                            </lines>
</method>
                    </methods>
                    <lines>
                        <line number="161" hits="0" branch="false"/>
                        <line number="117" hits="0" branch="false"/>
                        <line number="113" hits="0" branch="false"/>
                        <line number="159" hits="0" branch="false"/>
                        <line number="165" hits="0" branch="false"/>
                        <line number="115" hits="0" branch="false"/>
                        <line number="117" hits="0" branch="false"/>
                        <line number="116" hits="0" branch="false"/>
                        <line number="162" hits="0" branch="false"/>
                        <line number="164" hits="0" branch="false"/>
                        <line number="114" hits="0" branch="false"/>
                        <line number="117" hits="0" branch="false"/>
                        <line number="117" hits="0" branch="false"/>
                        <line number="158" hits="0" branch="false"/>
                        <line number="117" hits="0" branch="false"/>
                        <line number="117" hits="0" branch="false"/>
                        <line number="160" hits="0" branch="false"/>
                        <line number="112" hits="0" branch="false"/>
                    </lines>
</class>
                <class 
                name="grpc.health.v1.healthcheck.HealthGrpc.HealthStub" filename="protobuf/grpc/health/v1/healthcheck/HealthGrpc.scala" line-rate="0.00" branch-rate="0.00" complexity="0">
                    <methods>
                        <method 
                        name="grpc.health.v1.healthcheck/HealthStub/check" signature="()V" line-rate="0.00" branch-rate="0.00" complexity="0">
                            <lines>
                                <line number="79" hits="0" branch="false"/>
                                <line number="79" hits="0" branch="false"/>
                                <line number="79" hits="0" branch="false"/>
                                <line number="79" hits="0" branch="false"/>
                            </lines>
</method>
                        <method 
                        name="grpc.health.v1.healthcheck/HealthStub/watch" signature="()V" line-rate="0.00" branch-rate="0.00" complexity="0">
                            <lines>
                                <line number="83" hits="0" branch="false"/>
                                <line number="83" hits="0" branch="false"/>
                                <line number="83" hits="0" branch="false"/>
                                <line number="83" hits="0" branch="false"/>
                            </lines>
</method>
                        <method 
                        name="grpc.health.v1.healthcheck/HealthStub/build" signature="()V" line-rate="0.00" branch-rate="0.00" complexity="0">
                            <lines>
                                <line number="86" hits="0" branch="false"/>
                            </lines>
</method>
                    </methods>
                    <lines>
                        <line number="79" hits="0" branch="false"/>
                        <line number="83" hits="0" branch="false"/>
                        <line number="83" hits="0" branch="false"/>
                        <line number="79" hits="0" branch="false"/>
                        <line number="79" hits="0" branch="false"/>
                        <line number="83" hits="0" branch="false"/>
                        <line number="79" hits="0" branch="false"/>
                        <line number="86" hits="0" branch="false"/>
                        <line number="83" hits="0" branch="false"/>
                    </lines>
</class>
                <class 
                name="grpc.health.v1.healthcheck.ZioHealthcheck.HealthClient.ZService" filename="protobuf/grpc/health/v1/healthcheck/ZioHealthcheck.scala" line-rate="0.00" branch-rate="0.00" complexity="0">
                    <methods>
                        <method 
                        name="grpc.health.v1.healthcheck/ZService/withMetadata" signature="()V" line-rate="0.00" branch-rate="0.00" complexity="0">
                            <lines>
                                <line number="59" hits="0" branch="false"/>
                                <line number="59" hits="0" branch="false"/>
                            </lines>
</method>
                    </methods>
                    <lines>
                        <line number="59" hits="0" branch="false"/>
                        <line number="59" hits="0" branch="false"/>
                    </lines>
</class>
                <class 
                name="grpc.health.v1.healthcheck.HealthCheckResponse.HealthCheckResponseLens" filename="protobuf/grpc/health/v1/healthcheck/HealthCheckResponse.scala" line-rate="0.00" branch-rate="0.00" complexity="0">
                    <methods>
                        <method 
                        name="grpc.health.v1.healthcheck/HealthCheckResponseLens/status" signature="()V" line-rate="0.00" branch-rate="0.00" complexity="0">
                            <lines>
                                <line number="168" hits="0" branch="false"/>
                                <line number="168" hits="0" branch="false"/>
                                <line number="168" hits="0" branch="false"/>
                                <line number="168" hits="0" branch="false"/>
                            </lines>
</method>
                    </methods>
                    <lines>
                        <line number="168" hits="0" branch="false"/>
                        <line number="168" hits="0" branch="false"/>
                        <line number="168" hits="0" branch="false"/>
                        <line number="168" hits="0" branch="false"/>
                    </lines>
</class>
                <class 
                name="grpc.health.v1.healthcheck.ZioHealthcheck.HealthClient" filename="protobuf/grpc/health/v1/healthcheck/ZioHealthcheck.scala" line-rate="0.00" branch-rate="0.00" complexity="0">
                    <methods>
                        <method 
                        name="grpc.health.v1.healthcheck/HealthClient/managed" signature="()V" line-rate="0.00" branch-rate="0.00" complexity="0">
                            <lines>
                                <line number="82" hits="0" branch="false"/>
                                <line number="83" hits="0" branch="false"/>
                            </lines>
</method>
                        <method 
                        name="grpc.health.v1.healthcheck/HealthClient/live" signature="()V" line-rate="0.00" branch-rate="0.00" complexity="0">
                            <lines>
                                <line number="86" hits="0" branch="false"/>
                                <line number="86" hits="0" branch="false"/>
                                <line number="86" hits="0" branch="false"/>
                                <line number="86" hits="0" branch="false"/>
                            </lines>
</method>
                    </methods>
                    <lines>
                        <line number="82" hits="0" branch="false"/>
                        <line number="86" hits="0" branch="false"/>
                        <line number="86" hits="0" branch="false"/>
                        <line number="86" hits="0" branch="false"/>
                        <line number="86" hits="0" branch="false"/>
                        <line number="83" hits="0" branch="false"/>
                    </lines>
</class>
                <class 
                name="grpc.health.v1.healthcheck.HealthGrpc.HealthBlockingStub" filename="protobuf/grpc/health/v1/healthcheck/HealthGrpc.scala" line-rate="0.00" branch-rate="0.00" complexity="0">
                    <methods>
                        <method 
                        name="grpc.health.v1.healthcheck/HealthBlockingStub/watch" signature="()V" line-rate="0.00" branch-rate="0.00" complexity="0">
                            <lines>
                                <line number="71" hits="0" branch="false"/>
                                <line number="71" hits="0" branch="false"/>
                                <line number="71" hits="0" branch="false"/>
                                <line number="71" hits="0" branch="false"/>
                            </lines>
</method>
                        <method 
                        name="grpc.health.v1.healthcheck/HealthBlockingStub/check" signature="()V" line-rate="0.00" branch-rate="0.00" complexity="0">
                            <lines>
                                <line number="67" hits="0" branch="false"/>
                                <line number="67" hits="0" branch="false"/>
                                <line number="67" hits="0" branch="false"/>
                                <line number="67" hits="0" branch="false"/>
                            </lines>
</method>
                        <method 
                        name="grpc.health.v1.healthcheck/HealthBlockingStub/build" signature="()V" line-rate="0.00" branch-rate="0.00" complexity="0">
                            <lines>
                                <line number="74" hits="0" branch="false"/>
                            </lines>
</method>
                    </methods>
                    <lines>
                        <line number="71" hits="0" branch="false"/>
                        <line number="71" hits="0" branch="false"/>
                        <line number="71" hits="0" branch="false"/>
                        <line number="67" hits="0" branch="false"/>
                        <line number="74" hits="0" branch="false"/>
                        <line number="67" hits="0" branch="false"/>
                        <line number="71" hits="0" branch="false"/>
                        <line number="67" hits="0" branch="false"/>
                        <line number="67" hits="0" branch="false"/>
                    </lines>
</class>
                <class 
                name="grpc.health.v1.healthcheck.HealthCheckResponse.ServingStatus.SERVING" filename="protobuf/grpc/health/v1/healthcheck/HealthCheckResponse.scala" line-rate="0.00" branch-rate="0.00" complexity="0">
                    <methods>
                        <method 
                        name="grpc.health.v1.healthcheck/SERVING/isServing" signature="()V" line-rate="0.00" branch-rate="0.00" complexity="0">
                            <lines>
                                <line number="134" hits="0" branch="false"/>
                            </lines>
</method>
                        <method 
                        name="grpc.health.v1.healthcheck/SERVING/&lt;none&gt;" signature="()V" line-rate="0.00" branch-rate="0.00" complexity="0">
                            <lines>
                                <line number="133" hits="0" branch="false"/>
                                <line number="132" hits="0" branch="false"/>
                            </lines>
</method>
                    </methods>
                    <lines>
                        <line number="134" hits="0" branch="false"/>
                        <line number="133" hits="0" branch="false"/>
                        <line number="132" hits="0" branch="false"/>
                    </lines>
</class>
                <class 
                name="grpc.health.v1.healthcheck.HealthCheckRequest" filename="protobuf/grpc/health/v1/healthcheck/HealthCheckRequest.scala" line-rate="0.00" branch-rate="0.00" complexity="0">
                    <methods>
                        <method 
                        name="grpc.health.v1.healthcheck/HealthCheckRequest/getFieldByNumber" signature="()V" line-rate="0.00" branch-rate="0.00" complexity="0">
                            <lines>
                                <line number="51" hits="0" branch="false"/>
                                <line number="51" hits="0" branch="false"/>
                                <line number="51" hits="0" branch="false"/>
                                <line number="51" hits="0" branch="false"/>
                                <line number="50" hits="0" branch="false"/>
                            </lines>
</method>
                        <method 
                        name="grpc.health.v1.healthcheck/HealthCheckRequest/__computeSerializedValue" signature="()V" line-rate="0.00" branch-rate="0.00" complexity="0">
                            <lines>
                                <line number="19" hits="0" branch="false"/>
                                <line number="21" hits="0" branch="false"/>
                                <line number="20" hits="0" branch="false"/>
                                <line number="24" hits="0" branch="false"/>
                                <line number="20" hits="0" branch="false"/>
                                <line number="24" hits="0" branch="false"/>
                                <line number="16" hits="0" branch="false"/>
                                <line number="20" hits="0" branch="false"/>
                                <line number="21" hits="0" branch="false"/>
                                <line number="21" hits="0" branch="false"/>
                            </lines>
</method>
                        <method 
                        name="grpc.health.v1.healthcheck/HealthCheckRequest/companion" signature="()V" line-rate="0.00" branch-rate="0.00" complexity="0">
                            <lines>
                                <line number="62" hits="0" branch="false"/>
                            </lines>
</method>
                        <method 
                        name="grpc.health.v1.healthcheck/HealthCheckRequest/writeTo" signature="()V" line-rate="0.00" branch-rate="0.00" complexity="0">
                            <lines>
                                <line number="38" hits="0" branch="false"/>
                                <line number="39" hits="0" branch="false"/>
                                <line number="38" hits="0" branch="false"/>
                                <line number="42" hits="0" branch="false"/>
                                <line number="39" hits="0" branch="false"/>
                                <line number="38" hits="0" branch="false"/>
                                <line number="37" hits="0" branch="false"/>
                            </lines>
</method>
                        <method 
                        name="grpc.health.v1.healthcheck/HealthCheckRequest/serializedSize" signature="()V" line-rate="0.00" branch-rate="0.00" complexity="0">
                            <lines>
                                <line number="28" hits="0" branch="false"/>
                                <line number="29" hits="0" branch="false"/>
                                <line number="29" hits="0" branch="false"/>
                                <line number="29" hits="0" branch="false"/>
                                <line number="29" hits="0" branch="false"/>
                                <line number="30" hits="0" branch="false"/>
                            </lines>
</method>
                        <method 
                        name="grpc.health.v1.healthcheck/HealthCheckRequest/enumCompanionForFieldNumber" signature="()V" line-rate="0.00" branch-rate="0.00" complexity="0">
                            <lines>
                                <line number="102" hits="0" branch="false"/>
                            </lines>
</method>
                        <method 
                        name="grpc.health.v1.healthcheck/HealthCheckRequest/toProtoString" signature="()V" line-rate="0.00" branch-rate="0.00" complexity="0">
                            <lines>
                                <line number="61" hits="0" branch="false"/>
                            </lines>
</method>
                        <method 
                        name="grpc.health.v1.healthcheck/HealthCheckRequest/messageReads" signature="()V" line-rate="0.00" branch-rate="0.00" complexity="0">
                            <lines>
                                <line number="93" hits="0" branch="false"/>
                                <line number="92" hits="0" branch="false"/>
                                <line number="94" hits="0" branch="false"/>
                                <line number="90" hits="0" branch="false"/>
                                <line number="92" hits="0" branch="false"/>
                                <line number="92" hits="0" branch="false"/>
                                <line number="93" hits="0" branch="false"/>
                                <line number="92" hits="0" branch="false"/>
                                <line number="92" hits="0" branch="false"/>
                                <line number="96" hits="0" branch="false"/>
                            </lines>
</method>
                        <method 
                        name="grpc.health.v1.healthcheck/HealthCheckRequest/javaDescriptor" signature="()V" line-rate="0.00" branch-rate="0.00" complexity="0">
                            <lines>
                                <line number="98" hits="0" branch="false"/>
                            </lines>
</method>
                        <method 
                        name="grpc.health.v1.healthcheck/HealthCheckRequest/scalaDescriptor" signature="()V" line-rate="0.00" branch-rate="0.00" complexity="0">
                            <lines>
                                <line number="99" hits="0" branch="false"/>
                            </lines>
</method>
                        <method 
                        name="grpc.health.v1.healthcheck/HealthCheckRequest/of" signature="()V" line-rate="0.00" branch-rate="0.00" complexity="0">
                            <lines>
                                <line number="112" hits="0" branch="false"/>
                                <line number="112" hits="0" branch="false"/>
                            </lines>
</method>
                        <method 
                        name="grpc.health.v1.healthcheck/HealthCheckRequest/getField" signature="()V" line-rate="0.00" branch-rate="0.00" complexity="0">
                            <lines>
                                <line number="56" hits="0" branch="false"/>
                                <line number="57" hits="0" branch="false"/>
                                <line number="56" hits="0" branch="false"/>
                                <line number="56" hits="0" branch="false"/>
                                <line number="58" hits="0" branch="false"/>
                                <line number="58" hits="0" branch="false"/>
                            </lines>
</method>
                        <method 
                        name="grpc.health.v1.healthcheck/HealthCheckRequest/parseFrom" signature="()V" line-rate="0.00" branch-rate="0.00" complexity="0">
                            <lines>
                                <line number="72" hits="0" branch="false"/>
                                <line number="87" hits="0" branch="false"/>
                                <line number="80" hits="0" branch="false"/>
                                <line number="79" hits="0" branch="false"/>
                                <line number="80" hits="0" branch="false"/>
                                <line number="79" hits="0" branch="false"/>
                                <line number="87" hits="0" branch="false"/>
                                <line number="85" hits="0" branch="false"/>
                                <line number="71" hits="0" branch="false"/>
                                <line number="69" hits="0" branch="false"/>
                                <line number="73" hits="0" branch="false"/>
                                <line number="87" hits="0" branch="false"/>
                                <line number="72" hits="0" branch="false"/>
                                <line number="87" hits="0" branch="false"/>
                                <line number="75" hits="0" branch="false"/>
                                <line number="72" hits="0" branch="false"/>
                                <line number="77" hits="0" branch="false"/>
                                <line number="72" hits="0" branch="false"/>
                                <line number="87" hits="0" branch="false"/>
                                <line number="70" hits="0" branch="false"/>
                                <line number="79" hits="0" branch="false"/>
                                <line number="72" hits="0" branch="false"/>
                                <line number="82" hits="0" branch="false"/>
                            </lines>
</method>
                        <method 
                        name="grpc.health.v1.healthcheck/HealthCheckRequest/discardUnknownFields" signature="()V" line-rate="0.00" branch-rate="0.00" complexity="0">
                            <lines>
                                <line number="46" hits="0" branch="false"/>
                                <line number="46" hits="0" branch="false"/>
                                <line number="46" hits="0" branch="false"/>
                            </lines>
</method>
                        <method 
                        name="grpc.health.v1.healthcheck/HealthCheckRequest/withUnknownFields" signature="()V" line-rate="0.00" branch-rate="0.00" complexity="0">
                            <lines>
                                <line number="45" hits="0" branch="false"/>
                                <line number="45" hits="0" branch="false"/>
                            </lines>
</method>
                        <method 
                        name="grpc.health.v1.healthcheck/HealthCheckRequest/withService" signature="()V" line-rate="0.00" branch-rate="0.00" complexity="0">
                            <lines>
                                <line number="44" hits="0" branch="false"/>
                                <line number="44" hits="0" branch="false"/>
                            </lines>
</method>
                        <method 
                        name="grpc.health.v1.healthcheck/HealthCheckRequest/&lt;none&gt;" signature="()V" line-rate="0.00" branch-rate="0.00" complexity="0">
                            <lines>
                                <line number="109" hits="0" branch="false"/>
                                <line number="14" hits="0" branch="false"/>
                            </lines>
</method>
                        <method 
                        name="grpc.health.v1.healthcheck/HealthCheckRequest/messageCompanionForFieldNumber" signature="()V" line-rate="0.00" branch-rate="0.00" complexity="0">
                            <lines>
                                <line number="100" hits="0" branch="false"/>
                            </lines>
</method>
                    </methods>
                    <lines>
                        <line number="93" hits="0" branch="false"/>
                        <line number="28" hits="0" branch="false"/>
                        <line number="72" hits="0" branch="false"/>
                        <line number="46" hits="0" branch="false"/>
                        <line number="19" hits="0" branch="false"/>
                        <line number="112" hits="0" branch="false"/>
                        <line number="62" hits="0" branch="false"/>
                        <line number="87" hits="0" branch="false"/>
                        <line number="21" hits="0" branch="false"/>
                        <line number="44" hits="0" branch="false"/>
                        <line number="80" hits="0" branch="false"/>
                        <line number="79" hits="0" branch="false"/>
                        <line number="56" hits="0" branch="false"/>
                        <line number="80" hits="0" branch="false"/>
                        <line number="79" hits="0" branch="false"/>
                        <line number="20" hits="0" branch="false"/>
                        <line number="92" hits="0" branch="false"/>
                        <line number="94" hits="0" branch="false"/>
                        <line number="51" hits="0" branch="false"/>
                        <line number="24" hits="0" branch="false"/>
                        <line number="38" hits="0" branch="false"/>
                        <line number="112" hits="0" branch="false"/>
                        <line number="100" hits="0" branch="false"/>
                        <line number="51" hits="0" branch="false"/>
                        <line number="99" hits="0" branch="false"/>
                        <line number="87" hits="0" branch="false"/>
                        <line number="85" hits="0" branch="false"/>
                        <line number="109" hits="0" branch="false"/>
                        <line number="57" hits="0" branch="false"/>
                        <line number="56" hits="0" branch="false"/>
                        <line number="29" hits="0" branch="false"/>
                        <line number="98" hits="0" branch="false"/>
                        <line number="90" hits="0" branch="false"/>
                        <line number="51" hits="0" branch="false"/>
                        <line number="71" hits="0" branch="false"/>
                        <line number="69" hits="0" branch="false"/>
                        <line number="73" hits="0" branch="false"/>
                        <line number="29" hits="0" branch="false"/>
                        <line number="87" hits="0" branch="false"/>
                        <line number="61" hits="0" branch="false"/>
                        <line number="51" hits="0" branch="false"/>
                        <line number="56" hits="0" branch="false"/>
                        <line number="72" hits="0" branch="false"/>
                        <line number="87" hits="0" branch="false"/>
                        <line number="39" hits="0" branch="false"/>
                        <line number="102" hits="0" branch="false"/>
                        <line number="20" hits="0" branch="false"/>
                        <line number="75" hits="0" branch="false"/>
                        <line number="72" hits="0" branch="false"/>
                        <line number="38" hits="0" branch="false"/>
                        <line number="92" hits="0" branch="false"/>
                        <line number="77" hits="0" branch="false"/>
                        <line number="92" hits="0" branch="false"/>
                        <line number="29" hits="0" branch="false"/>
                        <line number="50" hits="0" branch="false"/>
                        <line number="58" hits="0" branch="false"/>
                        <line number="42" hits="0" branch="false"/>
                        <line number="24" hits="0" branch="false"/>
                        <line number="72" hits="0" branch="false"/>
                        <line number="46" hits="0" branch="false"/>
                        <line number="46" hits="0" branch="false"/>
                        <line number="39" hits="0" branch="false"/>
                        <line number="87" hits="0" branch="false"/>
                        <line number="45" hits="0" branch="false"/>
                        <line number="29" hits="0" branch="false"/>
                        <line number="16" hits="0" branch="false"/>
                        <line number="93" hits="0" branch="false"/>
                        <line number="44" hits="0" branch="false"/>
                        <line number="20" hits="0" branch="false"/>
                        <line number="45" hits="0" branch="false"/>
                        <line number="92" hits="0" branch="false"/>
                        <line number="38" hits="0" branch="false"/>
                        <line number="14" hits="0" branch="false"/>
                        <line number="70" hits="0" branch="false"/>
                        <line number="92" hits="0" branch="false"/>
                        <line number="21" hits="0" branch="false"/>
                        <line number="37" hits="0" branch="false"/>
                        <line number="58" hits="0" branch="false"/>
                        <line number="79" hits="0" branch="false"/>
                        <line number="72" hits="0" branch="false"/>
                        <line number="96" hits="0" branch="false"/>
                        <line number="21" hits="0" branch="false"/>
                        <line number="82" hits="0" branch="false"/>
                        <line number="30" hits="0" branch="false"/>
                    </lines>
</class>
                <class 
                name="grpc.health.v1.healthcheck.ZioHealthcheck.HealthClient.ServiceStub" filename="protobuf/grpc/health/v1/healthcheck/ZioHealthcheck.scala" line-rate="0.00" branch-rate="0.00" complexity="0">
                    <methods>
                        <method 
                        name="grpc.health.v1.healthcheck/ServiceStub/withCallOptionsM" signature="()V" line-rate="0.00" branch-rate="0.00" complexity="0">
                            <lines>
                                <line number="79" hits="0" branch="false"/>
                                <line number="79" hits="0" branch="false"/>
                                <line number="79" hits="0" branch="false"/>
                            </lines>
</method>
                        <method 
                        name="grpc.health.v1.healthcheck/ServiceStub/check" signature="()V" line-rate="0.00" branch-rate="0.00" complexity="0">
                            <lines>
                                <line number="68" hits="0" branch="false"/>
                                <line number="67" hits="0" branch="false"/>
                                <line number="67" hits="0" branch="false"/>
                                <line number="67" hits="0" branch="false"/>
                                <line number="68" hits="0" branch="false"/>
                            </lines>
</method>
                        <method 
                        name="grpc.health.v1.healthcheck/ServiceStub/withMetadataM" signature="()V" line-rate="0.00" branch-rate="0.00" complexity="0">
                            <lines>
                                <line number="78" hits="0" branch="false"/>
                                <line number="78" hits="0" branch="false"/>
                                <line number="78" hits="0" branch="false"/>
                            </lines>
</method>
                        <method 
                        name="grpc.health.v1.healthcheck/ServiceStub/watch" signature="()V" line-rate="0.00" branch-rate="0.00" complexity="0">
                            <lines>
                                <line number="72" hits="0" branch="false"/>
                                <line number="73" hits="0" branch="false"/>
                                <line number="73" hits="0" branch="false"/>
                                <line number="72" hits="0" branch="false"/>
                                <line number="72" hits="0" branch="false"/>
                                <line number="72" hits="0" branch="false"/>
                            </lines>
</method>
                        <method 
                        name="grpc.health.v1.healthcheck/ServiceStub/mapCallOptionsM" signature="()V" line-rate="0.00" branch-rate="0.00" complexity="0">
                            <lines>
                                <line number="77" hits="0" branch="false"/>
                                <line number="77" hits="0" branch="false"/>
                                <line number="77" hits="0" branch="false"/>
                                <line number="77" hits="0" branch="false"/>
                            </lines>
</method>
                    </methods>
                    <lines>
                        <line number="77" hits="0" branch="false"/>
                        <line number="68" hits="0" branch="false"/>
                        <line number="77" hits="0" branch="false"/>
                        <line number="72" hits="0" branch="false"/>
                        <line number="77" hits="0" branch="false"/>
                        <line number="73" hits="0" branch="false"/>
                        <line number="73" hits="0" branch="false"/>
                        <line number="78" hits="0" branch="false"/>
                        <line number="67" hits="0" branch="false"/>
                        <line number="72" hits="0" branch="false"/>
                        <line number="79" hits="0" branch="false"/>
                        <line number="67" hits="0" branch="false"/>
                        <line number="79" hits="0" branch="false"/>
                        <line number="67" hits="0" branch="false"/>
                        <line number="78" hits="0" branch="false"/>
                        <line number="78" hits="0" branch="false"/>
                        <line number="79" hits="0" branch="false"/>
                        <line number="72" hits="0" branch="false"/>
                        <line number="68" hits="0" branch="false"/>
                        <line number="77" hits="0" branch="false"/>
                        <line number="72" hits="0" branch="false"/>
                    </lines>
</class>
                <class 
                name="grpc.health.v1.healthcheck.HealthGrpc.HealthBlockingClient" filename="protobuf/grpc/health/v1/healthcheck/HealthGrpc.scala" line-rate="0.00" branch-rate="0.00" complexity="0">
                    <methods>
                        <method 
                        name="grpc.health.v1.healthcheck/HealthBlockingClient/serviceCompanion" signature="()V" line-rate="0.00" branch-rate="0.00" complexity="0">
                            <lines>
                                <line number="60" hits="0" branch="false"/>
                            </lines>
</method>
                    </methods>
                    <lines>
                        <line number="60" hits="0" branch="false"/>
                    </lines>
</class>
                <class 
                name="grpc.health.v1.healthcheck.HealthGrpc" filename="protobuf/grpc/health/v1/healthcheck/HealthGrpc.scala" line-rate="0.00" branch-rate="0.00" complexity="0">
                    <methods>
                        <method 
                        name="grpc.health.v1.healthcheck/HealthGrpc/stub" signature="()V" line-rate="0.00" branch-rate="0.00" complexity="0">
                            <lines>
                                <line number="93" hits="0" branch="false"/>
                                <line number="93" hits="0" branch="false"/>
                            </lines>
</method>
                        <method 
                        name="grpc.health.v1.healthcheck/HealthGrpc/javaDescriptor" signature="()V" line-rate="0.00" branch-rate="0.00" complexity="0">
                            <lines>
                                <line number="95" hits="0" branch="false"/>
                            </lines>
</method>
                        <method 
                        name="grpc.health.v1.healthcheck/HealthGrpc/blockingStub" signature="()V" line-rate="0.00" branch-rate="0.00" complexity="0">
                            <lines>
                                <line number="91" hits="0" branch="false"/>
                                <line number="91" hits="0" branch="false"/>
                            </lines>
</method>
                        <method 
                        name="grpc.health.v1.healthcheck/HealthGrpc/&lt;none&gt;" signature="()V" line-rate="0.00" branch-rate="0.00" complexity="0">
                            <lines>
                                <line number="22" hits="0" branch="false"/>
                                <line number="29" hits="0" branch="false"/>
                                <line number="12" hits="0" branch="false"/>
                            </lines>
</method>
                        <method 
                        name="grpc.health.v1.healthcheck/HealthGrpc/bindService" signature="()V" line-rate="0.00" branch-rate="0.00" complexity="0">
                            <lines>
                                <line number="89" hits="0" branch="false"/>
                            </lines>
</method>
                    </methods>
                    <lines>
                        <line number="22" hits="0" branch="false"/>
                        <line number="29" hits="0" branch="false"/>
                        <line number="91" hits="0" branch="false"/>
                        <line number="91" hits="0" branch="false"/>
                        <line number="95" hits="0" branch="false"/>
                        <line number="93" hits="0" branch="false"/>
                        <line number="89" hits="0" branch="false"/>
                        <line number="93" hits="0" branch="false"/>
                        <line number="12" hits="0" branch="false"/>
                    </lines>
</class>
                <class 
                name="grpc.health.v1.healthcheck.HealthCheckResponse.ServingStatus.NOT_SERVING" filename="protobuf/grpc/health/v1/healthcheck/HealthCheckResponse.scala" line-rate="0.00" branch-rate="0.00" complexity="0">
                    <methods>
                        <method 
                        name="grpc.health.v1.healthcheck/NOT_SERVING/&lt;none&gt;" signature="()V" line-rate="0.00" branch-rate="0.00" complexity="0">
                            <lines>
                                <line number="140" hits="0" branch="false"/>
                                <line number="139" hits="0" branch="false"/>
                            </lines>
</method>
                        <method 
                        name="grpc.health.v1.healthcheck/NOT_SERVING/isNotServing" signature="()V" line-rate="0.00" branch-rate="0.00" complexity="0">
                            <lines>
                                <line number="141" hits="0" branch="false"/>
                            </lines>
</method>
                    </methods>
                    <lines>
                        <line number="140" hits="0" branch="false"/>
                        <line number="139" hits="0" branch="false"/>
                        <line number="141" hits="0" branch="false"/>
                    </lines>
</class>
                <class 
                name="grpc.health.v1.healthcheck.HealthCheckResponse.ServingStatus.UNKNOWN" filename="protobuf/grpc/health/v1/healthcheck/HealthCheckResponse.scala" line-rate="0.00" branch-rate="0.00" complexity="0">
                    <methods>
                        <method 
                        name="grpc.health.v1.healthcheck/UNKNOWN/&lt;none&gt;" signature="()V" line-rate="0.00" branch-rate="0.00" complexity="0">
                            <lines>
                                <line number="126" hits="0" branch="false"/>
                                <line number="125" hits="0" branch="false"/>
                            </lines>
</method>
                        <method 
                        name="grpc.health.v1.healthcheck/UNKNOWN/isUnknown" signature="()V" line-rate="0.00" branch-rate="0.00" complexity="0">
                            <lines>
                                <line number="127" hits="0" branch="false"/>
                            </lines>
</method>
                    </methods>
                    <lines>
                        <line number="126" hits="0" branch="false"/>
                        <line number="127" hits="0" branch="false"/>
                        <line number="125" hits="0" branch="false"/>
                    </lines>
</class>
            </classes>
        </package>
        <package name="vasgen.config" line-rate="0.00" branch-rate="0.00" complexity="0">
            <classes>
                <class 
                name="vasgen.config.EnvLogger" filename="vasgen/config/EnvLogger.scala" line-rate="0.00" branch-rate="0.00" complexity="0">
                    <methods>
                        <method 
                        name="vasgen.config/EnvLogger/environmentVariablesToLog" signature="()V" line-rate="0.00" branch-rate="0.00" complexity="0">
                            <lines>
                                <line number="20" hits="0" branch="false"/>
                                <line number="12" hits="0" branch="false"/>
                                <line number="15" hits="0" branch="false"/>
                                <line number="12" hits="0" branch="false"/>
                                <line number="20" hits="0" branch="false"/>
                            </lines>
</method>
                        <method name="vasgen.config/EnvLogger/hideSecret" signature="()V" line-rate="0.00" branch-rate="0.00" complexity="0">
                            <lines>
                                <line number="29" hits="0" branch="false"/>
                                <line number="29" hits="0" branch="false"/>
                                <line number="26" hits="0" branch="false"/>
                                <line number="26" hits="0" branch="false"/>
                                <line number="26" hits="0" branch="false"/>
                                <line number="27" hits="0" branch="false"/>
                                <line number="28" hits="0" branch="false"/>
                                <line number="27" hits="0" branch="false"/>
                                <line number="27" hits="0" branch="false"/>
[...]
                                <line number="151" hits="1" branch="false"/>
                            </lines>
</method>
                    </methods>
                    <lines>
                        <line number="149" hits="1" branch="false"/>
                        <line number="152" hits="1" branch="false"/>
                        <line number="153" hits="0" branch="false"/>
                        <line number="151" hits="1" branch="false"/>
                        <line number="151" hits="1" branch="false"/>
                        <line number="152" hits="1" branch="false"/>
                        <line number="152" hits="0" branch="false"/>
                        <line number="153" hits="0" branch="false"/>
                        <line number="153" hits="1" branch="false"/>
                        <line number="152" hits="0" branch="false"/>
                        <line number="151" hits="1" branch="false"/>
                    </lines>
</class>
                <class 
                name="vasgen.saas.request.RefineCreator" filename="vasgen/saas/request/RefineCreator.scala" line-rate="0.00" branch-rate="0.00" complexity="0">
                    <methods>
                        <method 
                        name="vasgen.saas.request/RefineCreator/parseSingleFactor" signature="()V" line-rate="0.00" branch-rate="0.00" complexity="0">
                            <lines>
                                <line number="59" hits="0" branch="false"/>
                                <line number="30" hits="0" branch="false"/>
                                <line number="32" hits="0" branch="false"/>
                                <line number="54" hits="0" branch="false"/>
                                <line number="25" hits="0" branch="false"/>
                                <line number="40" hits="0" branch="false"/>
                                <line number="46" hits="0" branch="false"/>
                                <line number="27" hits="0" branch="false"/>
                                <line number="41" hits="0" branch="false"/>
                                <line number="23" hits="0" branch="false"/>
                                <line number="59" hits="0" branch="false"/>
                                <line number="50" hits="0" branch="false"/>
                                <line number="28" hits="0" branch="false"/>
                                <line number="51" hits="0" branch="false"/>
                                <line number="24" hits="0" branch="false"/>
                                <line number="29" hits="0" branch="false"/>
                                <line number="51" hits="0" branch="false"/>
                                <line number="25" hits="0" branch="false"/>
                                <line number="33" hits="0" branch="false"/>
                                <line number="51" hits="0" branch="false"/>
                                <line number="46" hits="0" branch="false"/>
                                <line number="46" hits="0" branch="false"/>
                            </lines>
</method>
                        <method 
                        name="vasgen.saas.request/RefineCreator/parse" signature="()V" line-rate="0.00" branch-rate="0.00" complexity="0">
                            <lines>
                                <line number="13" hits="0" branch="false"/>
                                <line number="15" hits="0" branch="false"/>
                                <line number="14" hits="0" branch="false"/>
                                <line number="14" hits="0" branch="false"/>
                                <line number="13" hits="0" branch="false"/>
                            </lines>
</method>
                        <method 
                        name="vasgen.saas.request/RefineCreator/&lt;none&gt;" signature="()V" line-rate="0.00" branch-rate="0.00" complexity="0">
                            <lines>
                                <line number="68" hits="0" branch="false"/>
                            </lines>
</method>
                    </methods>
                    <lines>
                        <line number="59" hits="0" branch="false"/>
                        <line number="30" hits="0" branch="false"/>
                        <line number="32" hits="0" branch="false"/>
                        <line number="13" hits="0" branch="false"/>
                        <line number="54" hits="0" branch="false"/>
                        <line number="25" hits="0" branch="false"/>
                        <line number="15" hits="0" branch="false"/>
                        <line number="40" hits="0" branch="false"/>
                        <line number="46" hits="0" branch="false"/>
                        <line number="27" hits="0" branch="false"/>
                        <line number="41" hits="0" branch="false"/>
                        <line number="23" hits="0" branch="false"/>
                        <line number="59" hits="0" branch="false"/>
                        <line number="50" hits="0" branch="false"/>
                        <line number="28" hits="0" branch="false"/>
                        <line number="14" hits="0" branch="false"/>
                        <line number="51" hits="0" branch="false"/>
                        <line number="24" hits="0" branch="false"/>
                        <line number="29" hits="0" branch="false"/>
                        <line number="14" hits="0" branch="false"/>
                        <line number="51" hits="0" branch="false"/>
                        <line number="25" hits="0" branch="false"/>
                        <line number="13" hits="0" branch="false"/>
                        <line number="68" hits="0" branch="false"/>
                        <line number="33" hits="0" branch="false"/>
                        <line number="51" hits="0" branch="false"/>
                        <line number="46" hits="0" branch="false"/>
                        <line number="46" hits="0" branch="false"/>
                    </lines>
</class>
                <class 
                name="vasgen.saas.request.ZoneFilterOps" filename="vasgen/saas/request/package.scala" line-rate="1.00" branch-rate="1.00" complexity="0">
                    <methods>
                        <method 
                        name="vasgen.saas.request/ZoneFilterOps/toSaas" signature="()V" line-rate="1.00" branch-rate="1.00" complexity="0">
                            <lines>
                                <line number="161" hits="1" branch="false"/>
                                <line number="162" hits="1" branch="false"/>
                                <line number="162" hits="1" branch="false"/>
                                <line number="165" hits="1" branch="false"/>
                                <line number="166" hits="1" branch="false"/>
                                <line number="161" hits="1" branch="false"/>
                                <line number="165" hits="1" branch="false"/>
                                <line number="161" hits="1" branch="false"/>
                                <line number="161" hits="1" branch="false"/>
                                <line number="162" hits="1" branch="false"/>
                                <line number="161" hits="1" branch="false"/>
                                <line number="163" hits="1" branch="false"/>
                            </lines>
</method>
                    </methods>
                    <lines>
                        <line number="161" hits="1" branch="false"/>
                        <line number="162" hits="1" branch="false"/>
                        <line number="162" hits="1" branch="false"/>
                        <line number="165" hits="1" branch="false"/>
                        <line number="166" hits="1" branch="false"/>
                        <line number="161" hits="1" branch="false"/>
                        <line number="165" hits="1" branch="false"/>
                        <line number="161" hits="1" branch="false"/>
                        <line number="161" hits="1" branch="false"/>
                        <line number="162" hits="1" branch="false"/>
                        <line number="161" hits="1" branch="false"/>
                        <line number="163" hits="1" branch="false"/>
                    </lines>
</class>
            </classes>
        </package>
        <package name="vasgen.saas.response" line-rate="0.00" branch-rate="0.00" complexity="0">
            <classes>
                <class 
                name="vasgen.saas.response.DocumentUrl" filename="vasgen/saas/response/DocumentUrl.scala" line-rate="0.00" branch-rate="0.00" complexity="0">
                    <methods>
                        <method 
                        name="vasgen.saas.response/DocumentUrl/apply" signature="()V" line-rate="0.00" branch-rate="0.00" complexity="0">
                            <lines>
                                <line number="14" hits="0" branch="false"/>
                                <line number="16" hits="0" branch="false"/>
                                <line number="16" hits="0" branch="false"/>
                                <line number="16" hits="0" branch="false"/>
                                <line number="15" hits="0" branch="false"/>
                                <line number="18" hits="0" branch="false"/>
                                <line number="16" hits="0" branch="false"/>
                                <line number="18" hits="0" branch="false"/>
                                <line number="16" hits="0" branch="false"/>
                            </lines>
</method>
                    </methods>
                    <lines>
                        <line number="14" hits="0" branch="false"/>
                        <line number="16" hits="0" branch="false"/>
                        <line number="16" hits="0" branch="false"/>
                        <line number="16" hits="0" branch="false"/>
                        <line number="15" hits="0" branch="false"/>
                        <line number="18" hits="0" branch="false"/>
                        <line number="16" hits="0" branch="false"/>
                        <line number="18" hits="0" branch="false"/>
                        <line number="16" hits="0" branch="false"/>
                    </lines>
</class>
                <class 
                name="vasgen.saas.response.Facet" filename="vasgen/saas/response/Facet.scala" line-rate="0.00" branch-rate="0.00" complexity="0">
                    <methods>
                        <method name="vasgen.saas.response/Facet/parsePair" signature="()V" line-rate="0.00" branch-rate="0.00" complexity="0">
                            <lines>
                                <line number="34" hits="0" branch="false"/>
                                <line number="29" hits="0" branch="false"/>
                                <line number="27" hits="0" branch="false"/>
                                <line number="34" hits="0" branch="false"/>
                                <line number="30" hits="0" branch="false"/>
                                <line number="32" hits="0" branch="false"/>
                                <line number="31" hits="0" branch="false"/>
                                <line number="29" hits="0" branch="false"/>
                                <line number="31" hits="0" branch="false"/>
                                <line number="26" hits="0" branch="false"/>
                            </lines>
                        </method>
                        <method name="vasgen.saas.response/Facet/parse" signature="()V" line-rate="0.00" branch-rate="0.00" complexity="0">
                            <lines>
                                <line number="19" hits="0" branch="false"/>
                                <line number="18" hits="0" branch="false"/>
                                <line number="18" hits="0" branch="false"/>
                            </lines>
                        </method>
                    </methods>
                    <lines>
                        <line number="34" hits="0" branch="false"/>
                        <line number="29" hits="0" branch="false"/>
                        <line number="19" hits="0" branch="false"/>
                        <line number="27" hits="0" branch="false"/>
                        <line number="18" hits="0" branch="false"/>
                        <line number="34" hits="0" branch="false"/>
                        <line number="30" hits="0" branch="false"/>
                        <line number="32" hits="0" branch="false"/>
                        <line number="31" hits="0" branch="false"/>
                        <line number="29" hits="0" branch="false"/>
                        <line number="18" hits="0" branch="false"/>
                        <line number="31" hits="0" branch="false"/>
                        <line number="26" hits="0" branch="false"/>
                    </lines>
</class>
            </classes>
        </package>
        <package name="vasgen.search" line-rate="0.00" branch-rate="0.00" complexity="0">
            <classes>
                <class 
                name="vasgen.search.SimpleListingPlan" filename="vasgen/search/SimpleListingPlan.scala" line-rate="0.00" branch-rate="0.00" complexity="0">
                    <methods>
                        <method 
                        name="vasgen.search/SimpleListingPlan/process" signature="()V" line-rate="0.00" branch-rate="0.00" complexity="0">
                            <lines>
                                <line number="21" hits="0" branch="false"/>
                                <line number="15" hits="0" branch="false"/>
                                <line number="19" hits="0" branch="false"/>
                                <line number="15" hits="0" branch="false"/>
                                <line number="16" hits="0" branch="false"/>
                                <line number="13" hits="0" branch="false"/>
                                <line number="19" hits="0" branch="false"/>
                                <line number="19" hits="0" branch="false"/>
                                <line number="15" hits="0" branch="false"/>
                                <line number="18" hits="0" branch="false"/>
                                <line number="22" hits="0" branch="false"/>
                                <line number="17" hits="0" branch="false"/>
                            </lines>
</method>
                        <method 
                        name="vasgen.search/SimpleListingPlan/unapply" signature="()V" line-rate="0.00" branch-rate="0.00" complexity="0">
                            <lines>
                                <line number="30" hits="0" branch="false"/>
                                <line number="27" hits="0" branch="false"/>
                                <line number="29" hits="0" branch="false"/>
                                <line number="31" hits="0" branch="false"/>
                                <line number="29" hits="0" branch="false"/>
                                <line number="28" hits="0" branch="false"/>
                                <line number="29" hits="0" branch="false"/>
                            </lines>
</method>
                    </methods>
                    <lines>
                        <line number="21" hits="0" branch="false"/>
                        <line number="15" hits="0" branch="false"/>
                        <line number="19" hits="0" branch="false"/>
                        <line number="15" hits="0" branch="false"/>
                        <line number="16" hits="0" branch="false"/>
                        <line number="30" hits="0" branch="false"/>
                        <line number="13" hits="0" branch="false"/>
                        <line number="27" hits="0" branch="false"/>
                        <line number="19" hits="0" branch="false"/>
                        <line number="29" hits="0" branch="false"/>
                        <line number="19" hits="0" branch="false"/>
                        <line number="31" hits="0" branch="false"/>
                        <line number="29" hits="0" branch="false"/>
                        <line number="28" hits="0" branch="false"/>
                        <line number="15" hits="0" branch="false"/>
                        <line number="18" hits="0" branch="false"/>
                        <line number="29" hits="0" branch="false"/>
                        <line number="22" hits="0" branch="false"/>
                        <line number="17" hits="0" branch="false"/>
                    </lines>
</class>
            </classes>
        </package>
        <package name="vasgen.searcher.config" line-rate="0.31" branch-rate="1.00" complexity="0">
            <classes>
                <class 
                name="vasgen.searcher.config.SaasConfig" filename="vasgen/searcher/config/SaasConfig.scala" line-rate="0.31" branch-rate="1.00" complexity="0">
                    <methods>
                        <method 
                        name="vasgen.searcher.config/SaasConfig/&lt;none&gt;" signature="()V" line-rate="0.31" branch-rate="1.00" complexity="0">
                            <lines>
                                <line number="30" hits="0" branch="false"/>
                                <line number="31" hits="0" branch="false"/>
                                <line number="22" hits="1" branch="false"/>
                                <line number="22" hits="1" branch="false"/>
                                <line number="32" hits="0" branch="false"/>
                                <line number="22" hits="1" branch="false"/>
                                <line number="31" hits="0" branch="false"/>
                                <line number="32" hits="0" branch="false"/>
                                <line number="32" hits="0" branch="false"/>
                                <line number="31" hits="0" branch="false"/>
                                <line number="31" hits="0" branch="false"/>
                                <line number="31" hits="0" branch="false"/>
                                <line number="30" hits="0" branch="false"/>
                                <line number="22" hits="1" branch="false"/>
                                <line number="30" hits="0" branch="false"/>
                                <line number="22" hits="1" branch="false"/>
                            </lines>
</method>
                    </methods>
                    <lines>
                        <line number="30" hits="0" branch="false"/>
                        <line number="31" hits="0" branch="false"/>
                        <line number="22" hits="1" branch="false"/>
                        <line number="22" hits="1" branch="false"/>
                        <line number="32" hits="0" branch="false"/>
                        <line number="22" hits="1" branch="false"/>
                        <line number="31" hits="0" branch="false"/>
                        <line number="32" hits="0" branch="false"/>
                        <line number="32" hits="0" branch="false"/>
                        <line number="31" hits="0" branch="false"/>
                        <line number="31" hits="0" branch="false"/>
                        <line number="31" hits="0" branch="false"/>
                        <line number="30" hits="0" branch="false"/>
                        <line number="22" hits="1" branch="false"/>
                        <line number="30" hits="0" branch="false"/>
                        <line number="22" hits="1" branch="false"/>
                    </lines>
</class>
            </classes>
        </package>
    </packages>
</coverage>
